{"message":"::1 - - [09/May/2018:20:02:08 +0000] \"OPTIONS /api/otp HTTP/1.1\" 200 4 \"-\" \"Mozilla/5.0 (Macintosh; Intel Mac OS X 10_13_4) AppleWebKit/537.36 (KHTML, like Gecko) Chrome/66.0.3359.139 Safari/537.36\"\n","level":"info"}
{"level":"error","message":"registration: +91asdasdads - INVALID MOBILE"}
{"message":"::1 - - [09/May/2018:20:02:08 +0000] \"POST /api/otp HTTP/1.1\" 400 40 \"http://localhost:4200/register\" \"Mozilla/5.0 (Macintosh; Intel Mac OS X 10_13_4) AppleWebKit/537.36 (KHTML, like Gecko) Chrome/66.0.3359.139 Safari/537.36\"\n","level":"info"}
{"message":"::1 - - [10/May/2018:12:08:57 +0000] \"OPTIONS /api/otp HTTP/1.1\" 200 4 \"-\" \"Mozilla/5.0 (Macintosh; Intel Mac OS X 10_13_4) AppleWebKit/537.36 (KHTML, like Gecko) Chrome/66.0.3359.139 Safari/537.36\"\n","level":"info"}
{"level":"info","message":"REGISTRATION: +918600400398 - ALREADY REGISTERED"}
{"message":"::1 - - [10/May/2018:12:08:57 +0000] \"POST /api/otp HTTP/1.1\" 400 48 \"http://localhost:4200/register\" \"Mozilla/5.0 (Macintosh; Intel Mac OS X 10_13_4) AppleWebKit/537.36 (KHTML, like Gecko) Chrome/66.0.3359.139 Safari/537.36\"\n","level":"info"}
{"message":"::1 - - [10/May/2018:12:12:11 +0000] \"OPTIONS /api/otp HTTP/1.1\" 200 4 \"-\" \"Mozilla/5.0 (Macintosh; Intel Mac OS X 10_13_4) AppleWebKit/537.36 (KHTML, like Gecko) Chrome/66.0.3359.139 Safari/537.36\"\n","level":"info"}
{"level":"info","message":"REGISTRATION: +918600400398 - ALREADY REGISTERED"}
{"message":"::1 - - [10/May/2018:12:12:11 +0000] \"POST /api/otp HTTP/1.1\" 400 48 \"http://localhost:4200/register\" \"Mozilla/5.0 (Macintosh; Intel Mac OS X 10_13_4) AppleWebKit/537.36 (KHTML, like Gecko) Chrome/66.0.3359.139 Safari/537.36\"\n","level":"info"}
{"message":"::1 - - [10/May/2018:12:17:03 +0000] \"OPTIONS /api/otp HTTP/1.1\" 200 4 \"-\" \"Mozilla/5.0 (Macintosh; Intel Mac OS X 10_13_4) AppleWebKit/537.36 (KHTML, like Gecko) Chrome/66.0.3359.139 Safari/537.36\"\n","level":"info"}
{"level":"info","message":"REGISTRATION: +918600400398 - ALREADY REGISTERED"}
{"message":"::1 - - [10/May/2018:12:17:03 +0000] \"POST /api/otp HTTP/1.1\" 400 48 \"http://localhost:4200/register\" \"Mozilla/5.0 (Macintosh; Intel Mac OS X 10_13_4) AppleWebKit/537.36 (KHTML, like Gecko) Chrome/66.0.3359.139 Safari/537.36\"\n","level":"info"}
{"message":"::1 - - [10/May/2018:12:21:34 +0000] \"OPTIONS /api/otp HTTP/1.1\" 200 4 \"-\" \"Mozilla/5.0 (Macintosh; Intel Mac OS X 10_13_4) AppleWebKit/537.36 (KHTML, like Gecko) Chrome/66.0.3359.139 Safari/537.36\"\n","level":"info"}
{"level":"info","message":"REGISTRATION: +918600400398 - ALREADY REGISTERED"}
{"message":"::1 - - [10/May/2018:12:21:34 +0000] \"POST /api/otp HTTP/1.1\" 400 48 \"http://localhost:4200/register\" \"Mozilla/5.0 (Macintosh; Intel Mac OS X 10_13_4) AppleWebKit/537.36 (KHTML, like Gecko) Chrome/66.0.3359.139 Safari/537.36\"\n","level":"info"}
{"message":"::1 - - [10/May/2018:12:22:08 +0000] \"OPTIONS /api/otp HTTP/1.1\" 200 4 \"-\" \"Mozilla/5.0 (Macintosh; Intel Mac OS X 10_13_4) AppleWebKit/537.36 (KHTML, like Gecko) Chrome/66.0.3359.139 Safari/537.36\"\n","level":"info"}
{"level":"error","message":"registration: +918600400 - INVALID MOBILE"}
{"message":"::1 - - [10/May/2018:12:22:08 +0000] \"POST /api/otp HTTP/1.1\" 400 40 \"http://localhost:4200/register\" \"Mozilla/5.0 (Macintosh; Intel Mac OS X 10_13_4) AppleWebKit/537.36 (KHTML, like Gecko) Chrome/66.0.3359.139 Safari/537.36\"\n","level":"info"}
{"message":"::1 - - [10/May/2018:12:22:24 +0000] \"OPTIONS /api/otp HTTP/1.1\" 200 4 \"-\" \"Mozilla/5.0 (Macintosh; Intel Mac OS X 10_13_4) AppleWebKit/537.36 (KHTML, like Gecko) Chrome/66.0.3359.139 Safari/537.36\"\n","level":"info"}
{"level":"info","message":"MOBILE: +918600400398 - Attempting login OTP - ON: https://2factor.in/API/V1/4da02ebe-507d-11e8-a895-0200cd936042/SMS/+918600400398/232212/crickcard login"}
{"level":"info","message":"MOBILE: +918600400398 - OTP SENT"}
{"message":"::1 - - [10/May/2018:12:22:24 +0000] \"POST /api/otp HTTP/1.1\" 200 27 \"http://localhost:4200/login\" \"Mozilla/5.0 (Macintosh; Intel Mac OS X 10_13_4) AppleWebKit/537.36 (KHTML, like Gecko) Chrome/66.0.3359.139 Safari/537.36\"\n","level":"info"}
{"message":"::1 - - [10/May/2018:12:22:32 +0000] \"OPTIONS /api/otp/confirm HTTP/1.1\" 200 4 \"-\" \"Mozilla/5.0 (Macintosh; Intel Mac OS X 10_13_4) AppleWebKit/537.36 (KHTML, like Gecko) Chrome/66.0.3359.139 Safari/537.36\"\n","level":"info"}
{"level":"info","message":"login: ARTTEMPTING OTP CONFIRMATION - +918600400398"}
{"level":"warn","message":"login: OTP CONFIRMATION - +918600400398 - INVALID OTP"}
{"message":"::1 - - [10/May/2018:12:22:32 +0000] \"POST /api/otp/confirm HTTP/1.1\" 400 26 \"http://localhost:4200/login\" \"Mozilla/5.0 (Macintosh; Intel Mac OS X 10_13_4) AppleWebKit/537.36 (KHTML, like Gecko) Chrome/66.0.3359.139 Safari/537.36\"\n","level":"info"}
{"level":"info","message":"registration: ARTTEMPTING OTP CONFIRMATION - undefined8600400398"}
{"level":"warn","message":"registration: OTP CONFIRMATION - undefined8600400398 - INVALID REQUEST: [object Object]"}
{"message":"::1 - - [10/May/2018:12:23:25 +0000] \"POST /api/otp/confirm HTTP/1.1\" 400 31 \"-\" \"PostmanRuntime/7.1.1\"\n","level":"info"}
{"level":"info","message":"registration: ARTTEMPTING OTP CONFIRMATION - +918600400398"}
{"level":"error","message":"registration: OTP CONFIRMATION - SOMETHING WENT WRONG: MongoNetworkError: failed to reconnect after 30 attempts with interval 1000 ms"}
{"message":"::1 - - [10/May/2018:12:24:32 +0000] \"POST /api/otp/confirm HTTP/1.1\" 400 - \"-\" \"PostmanRuntime/7.1.1\"\n","level":"info"}
{"message":"404 - Page Not Found - /api/otp/confirm - GET - ::1","level":"error"}
{"message":"::1 - - [10/May/2018:12:25:25 +0000] \"GET /api/otp/confirm HTTP/1.1\" 404 29 \"-\" \"Mozilla/5.0 (Macintosh; Intel Mac OS X 10_13_4) AppleWebKit/537.36 (KHTML, like Gecko) Chrome/66.0.3359.139 Safari/537.36\"\n","level":"info"}
{"message":"404 - Page Not Found - /favicon.ico - GET - ::1","level":"error"}
{"message":"::1 - - [10/May/2018:12:25:25 +0000] \"GET /favicon.ico HTTP/1.1\" 404 29 \"http://localhost:3000/api/otp/confirm\" \"Mozilla/5.0 (Macintosh; Intel Mac OS X 10_13_4) AppleWebKit/537.36 (KHTML, like Gecko) Chrome/66.0.3359.139 Safari/537.36\"\n","level":"info"}
{"message":"::1 - - [10/May/2018:12:25:49 +0000] \"OPTIONS /api/otp/confirm HTTP/1.1\" 200 4 \"-\" \"Mozilla/5.0 (Macintosh; Intel Mac OS X 10_13_4) AppleWebKit/537.36 (KHTML, like Gecko) Chrome/66.0.3359.139 Safari/537.36\"\n","level":"info"}
{"level":"info","message":"login: ARTTEMPTING OTP CONFIRMATION - +918600400398"}
{"level":"error","message":"login: OTP CONFIRMATION - SOMETHING WENT WRONG: MongoError: Topology was destroyed"}
{"message":"::1 - - [10/May/2018:12:25:49 +0000] \"POST /api/otp/confirm HTTP/1.1\" 400 - \"http://localhost:4200/login\" \"Mozilla/5.0 (Macintosh; Intel Mac OS X 10_13_4) AppleWebKit/537.36 (KHTML, like Gecko) Chrome/66.0.3359.139 Safari/537.36\"\n","level":"info"}
{"message":"::1 - - [10/May/2018:12:26:13 +0000] \"OPTIONS /api/otp/confirm HTTP/1.1\" 200 4 \"-\" \"Mozilla/5.0 (Macintosh; Intel Mac OS X 10_13_4) AppleWebKit/537.36 (KHTML, like Gecko) Chrome/66.0.3359.139 Safari/537.36\"\n","level":"info"}
{"level":"info","message":"login: ARTTEMPTING OTP CONFIRMATION - +918600400398"}
{"level":"error","message":"login: OTP CONFIRMATION - SOMETHING WENT WRONG: MongoError: Topology was destroyed"}
{"message":"::1 - - [10/May/2018:12:26:13 +0000] \"POST /api/otp/confirm HTTP/1.1\" 400 - \"http://localhost:4200/login\" \"Mozilla/5.0 (Macintosh; Intel Mac OS X 10_13_4) AppleWebKit/537.36 (KHTML, like Gecko) Chrome/66.0.3359.139 Safari/537.36\"\n","level":"info"}
{"message":"::1 - - [10/May/2018:12:26:32 +0000] \"OPTIONS /api/otp/confirm HTTP/1.1\" 200 4 \"-\" \"Mozilla/5.0 (Macintosh; Intel Mac OS X 10_13_4) AppleWebKit/537.36 (KHTML, like Gecko) Chrome/66.0.3359.139 Safari/537.36\"\n","level":"info"}
{"level":"info","message":"login: ARTTEMPTING OTP CONFIRMATION - +918600400398"}
{"level":"warn","message":"login: OTP CONFIRMATION - +918600400398 - INVALID OTP"}
{"message":"::1 - - [10/May/2018:12:26:32 +0000] \"POST /api/otp/confirm HTTP/1.1\" 400 26 \"http://localhost:4200/login\" \"Mozilla/5.0 (Macintosh; Intel Mac OS X 10_13_4) AppleWebKit/537.36 (KHTML, like Gecko) Chrome/66.0.3359.139 Safari/537.36\"\n","level":"info"}
